INFO: 2022-08-27 00:47:57,435: main() 'Using profile folder /home/edgar/.config/variety/'
INFO: 2022-08-27 00:47:57,439: perform_upgrade() 'Last run version was 0.8.9 or earlier, current version is 0.8.9'
INFO: 2022-08-27 00:47:57,573: process_command() 'Received command: []'
INFO: 2022-08-27 00:47:57,578: start() 'Using data_path /usr/share/variety'
INFO: 2022-08-27 00:47:57,578: load() 'Jumble loading'
INFO: 2022-08-27 00:47:57,579: _walk_modules() 'Jumble loading module in __init__ from /usr/lib/python3.10/site-packages/variety/plugins/builtin/__init__.py'
INFO: 2022-08-27 00:47:57,580: _walk_modules() 'Jumble loading module in UrbanDictionarySource from /usr/lib/python3.10/site-packages/variety/plugins/builtin/quotes/UrbanDictionarySource.py'
INFO: 2022-08-27 00:47:57,581: load() 'Jumble found plugin class: <class 'UrbanDictionarySource.UrbanDictionarySource'>: {'name': 'Urban Dictionary', 'description': 'Displays definitions from Urban Dictionary', 'author': 'James Miller', 'version': '0.1'}'
INFO: 2022-08-27 00:47:57,581: _walk_modules() 'Jumble loading module in QuotationsPageSource from /usr/lib/python3.10/site-packages/variety/plugins/builtin/quotes/QuotationsPageSource.py'
INFO: 2022-08-27 00:47:57,590: load() 'Jumble found plugin class: <class 'QuotationsPageSource.QuotationsPageSource'>: {'name': 'TheQuotationsPage.com', 'description': 'Fetches quotes from TheQuotationsPage.com', 'author': 'Peter Levi', 'version': '0.1'}'
INFO: 2022-08-27 00:47:57,591: _walk_modules() 'Jumble loading module in FortuneSource from /usr/lib/python3.10/site-packages/variety/plugins/builtin/quotes/FortuneSource.py'
INFO: 2022-08-27 00:47:57,592: load() 'Jumble found plugin class: <class 'FortuneSource.FortuneSource'>: {'name': 'UNIX fortune program', 'description': 'Displays quotes using the UNIX fortune program. You may want to install additional fortune packs, e.g. fortunes-bofh-excuses.', 'author': 'Dan Jones', 'version': '0.1'}'
INFO: 2022-08-27 00:47:57,593: _walk_modules() 'Jumble loading module in LocalFilesSource from /usr/lib/python3.10/site-packages/variety/plugins/builtin/quotes/LocalFilesSource.py'
INFO: 2022-08-27 00:47:57,594: load() 'Jumble found plugin class: <class 'LocalFilesSource.LocalFilesSource'>: {'name': 'Local text files', 'description': 'Displays quotes, defined in local text files.\nPut your own txt files in: ~/.config/variety/pluginconfig/quotes/.\nThe file format is:\n\nquote -- author\n.\nsecond quote -- another author\n.\netc...\n\nExample: http://rvelthuis.de/zips/quotes.txt', 'author': 'Peter Levi', 'version': '0.1'}'
INFO: 2022-08-27 00:47:57,594: _walk_modules() 'Jumble loading module in __init__ from /usr/lib/python3.10/site-packages/variety/plugins/builtin/quotes/__init__.py'
INFO: 2022-08-27 00:47:57,595: _walk_modules() 'Jumble loading module in GoodreadsSource from /usr/lib/python3.10/site-packages/variety/plugins/builtin/quotes/GoodreadsSource.py'
INFO: 2022-08-27 00:47:57,595: load() 'Jumble found plugin class: <class 'GoodreadsSource.GoodreadsSource'>: {'name': 'Goodreads', 'description': 'Fetches quotes from Goodreads.com', 'author': 'Peter Levi', 'version': '0.1'}'
INFO: 2022-08-27 00:47:57,596: _walk_modules() 'Jumble loading module in ResizingDisplayModesPlugin from /usr/lib/python3.10/site-packages/variety/plugins/builtin/display_modes/ResizingDisplayModesPlugin.py'
INFO: 2022-08-27 00:47:57,597: load() 'Jumble found plugin class: <class 'ResizingDisplayModesPlugin.ResizingDisplayModesPlugin'>: {'name': 'ResizingDisplayModesPlugin', 'description': 'Display modes that use image resizing within Variety', 'version': '1.0', 'author': 'Peter Levi'}'
INFO: 2022-08-27 00:47:57,597: _walk_modules() 'Jumble loading module in GnomeDisplayModesPlugin from /usr/lib/python3.10/site-packages/variety/plugins/builtin/display_modes/GnomeDisplayModesPlugin.py'
INFO: 2022-08-27 00:47:57,598: load() 'Jumble found plugin class: <class 'GnomeDisplayModesPlugin.GnomeDisplayModesPlugin'>: {'name': 'GnomeDisplayModesPlugin', 'description': 'Display modes relying on the underlying desktop environment', 'version': '1.0', 'author': 'Peter Levi'}'
INFO: 2022-08-27 00:47:57,598: _walk_modules() 'Jumble loading module in __init__ from /usr/lib/python3.10/site-packages/variety/plugins/builtin/display_modes/__init__.py'
INFO: 2022-08-27 00:47:57,599: _walk_modules() 'Jumble loading module in LegacyDisplayModesPlugin from /usr/lib/python3.10/site-packages/variety/plugins/builtin/display_modes/LegacyDisplayModesPlugin.py'
INFO: 2022-08-27 00:47:57,599: load() 'Jumble found plugin class: <class 'LegacyDisplayModesPlugin.LegacyDisplayModesPlugin'>: {'name': 'LegacyDisplayModesPlugin', 'description': 'Legacy display mode for compatibility with past Variety versions', 'version': '1.0', 'author': 'Peter Levi'}'
INFO: 2022-08-27 00:47:57,600: _walk_modules() 'Jumble loading module in NationalGeographicDownloader from /usr/lib/python3.10/site-packages/variety/plugins/builtin/downloaders/NationalGeographicDownloader.py'
INFO: 2022-08-27 00:47:57,600: load() 'Jumble found plugin class: <class 'NationalGeographicDownloader.NationalGeographicDownloader'>: {'name': 'NationalGeographicDownloader', 'description': "National Geographic's photo of the day", 'author': 'Eric Rösch', 'version': '0.1'}'
INFO: 2022-08-27 00:47:57,601: _walk_modules() 'Jumble loading module in WallhavenDownloader from /usr/lib/python3.10/site-packages/variety/plugins/builtin/downloaders/WallhavenDownloader.py'
INFO: 2022-08-27 00:47:57,603: _walk_modules() 'Jumble loading module in BingDownloader from /usr/lib/python3.10/site-packages/variety/plugins/builtin/downloaders/BingDownloader.py'
INFO: 2022-08-27 00:47:57,603: load() 'Jumble found plugin class: <class 'BingDownloader.BingDownloader'>: {'name': 'BingDownloader', 'description': 'Bing Photo of the Day', 'author': 'Peter Levi', 'version': '0.1'}'
INFO: 2022-08-27 00:47:57,604: _walk_modules() 'Jumble loading module in MediaRSSDownloader from /usr/lib/python3.10/site-packages/variety/plugins/builtin/downloaders/MediaRSSDownloader.py'
INFO: 2022-08-27 00:47:57,604: _walk_modules() 'Jumble loading module in RedditSource from /usr/lib/python3.10/site-packages/variety/plugins/builtin/downloaders/RedditSource.py'
INFO: 2022-08-27 00:47:57,605: load() 'Jumble found plugin class: <class 'RedditSource.RedditSource'>: {'name': 'RedditSource', 'description': 'Configurable source for fetching images from Reddit', 'author': 'Peter Levi', 'version': '0.1'}'
INFO: 2022-08-27 00:47:57,606: _walk_modules() 'Jumble loading module in UnsplashDownloader from /usr/lib/python3.10/site-packages/variety/plugins/builtin/downloaders/UnsplashDownloader.py'
INFO: 2022-08-27 00:47:57,607: load() 'Jumble found plugin class: <class 'UnsplashDownloader.UnsplashDownloader'>: {'name': 'UnsplashDownloader', 'description': 'High-resolution photos from Unsplash.com', 'author': 'Peter Levi', 'version': '0.1'}'
INFO: 2022-08-27 00:47:57,607: _walk_modules() 'Jumble loading module in APODDownloader from /usr/lib/python3.10/site-packages/variety/plugins/builtin/downloaders/APODDownloader.py'
INFO: 2022-08-27 00:47:57,608: load() 'Jumble found plugin class: <class 'APODDownloader.APODDownloader'>: {'name': 'APODDownloader', 'description': 'NASA Astro Pic of the Day', 'author': 'Peter Levi', 'version': '0.1'}'
INFO: 2022-08-27 00:47:57,608: _walk_modules() 'Jumble loading module in EarthviewDownloader from /usr/lib/python3.10/site-packages/variety/plugins/builtin/downloaders/EarthviewDownloader.py'
INFO: 2022-08-27 00:47:57,608: load() 'Jumble found plugin class: <class 'EarthviewDownloader.EarthviewDownloader'>: {'name': 'EarthviewDownloader', 'description': 'Google Earth View Wallpapers', 'author': 'Peter Levi', 'version': '0.1'}'
INFO: 2022-08-27 00:47:57,609: _walk_modules() 'Jumble loading module in WallhavenSource from /usr/lib/python3.10/site-packages/variety/plugins/builtin/downloaders/WallhavenSource.py'
INFO: 2022-08-27 00:47:57,610: load() 'Jumble found plugin class: <class 'WallhavenSource.WallhavenSource'>: {'name': 'WallhavenSource', 'description': 'Configurable source for fetching images from Wallhaven.cc', 'author': 'Peter Levi', 'version': '0.1'}'
INFO: 2022-08-27 00:47:57,610: _walk_modules() 'Jumble loading module in __init__ from /usr/lib/python3.10/site-packages/variety/plugins/builtin/downloaders/__init__.py'
INFO: 2022-08-27 00:47:57,610: _walk_modules() 'Jumble loading module in UnsplashConfigurableSource from /usr/lib/python3.10/site-packages/variety/plugins/builtin/downloaders/UnsplashConfigurableSource.py'
INFO: 2022-08-27 00:47:57,611: load() 'Jumble found plugin class: <class 'UnsplashConfigurableSource.UnsplashConfigurableSource'>: {'name': 'UnsplashConfigurableSource', 'description': 'Configurable source for fetching photos from Unsplash.com', 'author': 'Peter Levi', 'version': '0.1'}'
INFO: 2022-08-27 00:47:57,612: _walk_modules() 'Jumble loading module in WallhavenLegacyDownloader from /usr/lib/python3.10/site-packages/variety/plugins/builtin/downloaders/WallhavenLegacyDownloader.py'
INFO: 2022-08-27 00:47:57,612: _walk_modules() 'Jumble loading module in RedditDownloader from /usr/lib/python3.10/site-packages/variety/plugins/builtin/downloaders/RedditDownloader.py'
INFO: 2022-08-27 00:47:57,613: _walk_modules() 'Jumble loading module in MediaRSSSource from /usr/lib/python3.10/site-packages/variety/plugins/builtin/downloaders/MediaRSSSource.py'
INFO: 2022-08-27 00:47:57,614: load() 'Jumble found plugin class: <class 'MediaRSSSource.MediaRSSSource'>: {'name': 'MediaRSSSource', 'description': 'Configurable source for fetching images from MediaRSS feeds', 'author': 'Peter Levi', 'version': '0.1'}'
INFO: 2022-08-27 00:47:57,614: _walk_modules() 'Jumble loading module in ArtStationSource from /usr/lib/python3.10/site-packages/variety/plugins/builtin/downloaders/ArtStationSource.py'
INFO: 2022-08-27 00:47:57,615: load() 'Jumble found plugin class: <class 'ArtStationSource.ArtStationSource'>: {'name': 'ArtStationSource', 'description': 'Configurable source for fetching images from ArtStation', 'author': 'Denis Gordeev', 'version': '0.1'}'
INFO: 2022-08-27 00:47:57,615: _walk_modules() 'Jumble loading module in ArtStationDownloader from /usr/lib/python3.10/site-packages/variety/plugins/builtin/downloaders/ArtStationDownloader.py'
INFO: 2022-08-27 00:47:57,629: log_options() 'Loaded options:'
INFO: 2022-08-27 00:47:57,629: log_options() 'change_enabled = True'
INFO: 2022-08-27 00:47:57,629: log_options() 'change_interval = 300'
INFO: 2022-08-27 00:47:57,629: log_options() 'change_on_start = False'
INFO: 2022-08-27 00:47:57,629: log_options() 'clipboard_enabled = False'
INFO: 2022-08-27 00:47:57,629: log_options() 'clipboard_hosts = ['wallhaven.cc', 'wallpapers.net', 'flickr.com', 'imgur.com', 'deviantart.com', 'interfacelift.com', 'vladstudio.com', 'imageshack.us', 'deviantart.net', 'imageshack.com']'
INFO: 2022-08-27 00:47:57,629: log_options() 'clipboard_use_whitelist = True'
INFO: 2022-08-27 00:47:57,629: log_options() 'clock_date_font = Serif 30'
INFO: 2022-08-27 00:47:57,629: log_options() 'clock_enabled = False'
INFO: 2022-08-27 00:47:57,629: log_options() 'clock_filter = -density 100 -font `fc-match -f '%{file[0]}' '%CLOCK_FONT_NAME'` -pointsize %CLOCK_FONT_SIZE -gravity SouthEast -fill '#00000044' -annotate 0x0+[%HOFFSET+58]+[%VOFFSET+108] '%H:%M' -fill white -annotate 0x0+[%HOFFSET+60]+[%VOFFSET+110] '%H:%M' -font `fc-match -f '%{file[0]}' '%DATE_FONT_NAME'` -pointsize %DATE_FONT_SIZE -fill '#00000044' -annotate 0x0+[%HOFFSET+58]+[%VOFFSET+58] '%A, %B %d' -fill white -annotate 0x0+[%HOFFSET+60]+[%VOFFSET+60] '%A, %B %d''
INFO: 2022-08-27 00:47:57,629: log_options() 'clock_font = Serif 70'
INFO: 2022-08-27 00:47:57,629: log_options() 'configfile = /home/edgar/.config/variety/variety.conf'
INFO: 2022-08-27 00:47:57,629: log_options() 'copyto_enabled = False'
INFO: 2022-08-27 00:47:57,629: log_options() 'copyto_folder = Default'
INFO: 2022-08-27 00:47:57,629: log_options() 'desired_color = [160, 160, 160]'
INFO: 2022-08-27 00:47:57,629: log_options() 'desired_color_enabled = False'
INFO: 2022-08-27 00:47:57,629: log_options() 'download_folder = /home/edgar/.config/variety/Downloaded'
INFO: 2022-08-27 00:47:57,629: log_options() 'download_preference_ratio = 0.9'
INFO: 2022-08-27 00:47:57,629: log_options() 'favorites_folder = /home/edgar/.config/variety/Favorites'
INFO: 2022-08-27 00:47:57,629: log_options() 'favorites_operations = [['Downloaded', 'Copy'], ['Fetched', 'Move'], ['Others', 'Copy']]'
INFO: 2022-08-27 00:47:57,629: log_options() 'fetched_folder = /home/edgar/.config/variety/Fetched'
INFO: 2022-08-27 00:47:57,629: log_options() 'filters = [[False, 'Keep original', ''], [False, 'Grayscale', '-type Grayscale'], [False, 'Heavy blur', '-scale 20% -blur 0x10 -resize 500%'], [False, 'Soft blur', '-scale 20% -blur 0x2 -resize 500%'], [False, 'Oil painting', '-paint 8'], [False, 'Pointilism', '-spread 10 -noise 3'], [False, 'Pixellate', '-scale 3% -scale 3333%']]'
INFO: 2022-08-27 00:47:57,630: log_options() 'get_wallpaper_script = /home/edgar/.config/variety/scripts/get_wallpaper_arco'
INFO: 2022-08-27 00:47:57,630: log_options() 'icon = Light'
INFO: 2022-08-27 00:47:57,630: log_options() 'internet_enabled = True'
INFO: 2022-08-27 00:47:57,630: log_options() 'lightness_enabled = False'
INFO: 2022-08-27 00:47:57,630: log_options() 'lightness_mode = 0'
INFO: 2022-08-27 00:47:57,630: log_options() 'min_rating = 4'
INFO: 2022-08-27 00:47:57,630: log_options() 'min_rating_enabled = False'
INFO: 2022-08-27 00:47:57,630: log_options() 'min_size = 80'
INFO: 2022-08-27 00:47:57,630: log_options() 'min_size_enabled = True'
INFO: 2022-08-27 00:47:57,630: log_options() 'quota_enabled = True'
INFO: 2022-08-27 00:47:57,630: log_options() 'quota_size = 1000'
INFO: 2022-08-27 00:47:57,630: log_options() 'quotes_authors = '
INFO: 2022-08-27 00:47:57,630: log_options() 'quotes_bg_color = [80, 80, 80]'
INFO: 2022-08-27 00:47:57,630: log_options() 'quotes_bg_opacity = 55'
INFO: 2022-08-27 00:47:57,630: log_options() 'quotes_change_enabled = False'
INFO: 2022-08-27 00:47:57,630: log_options() 'quotes_change_interval = 300'
INFO: 2022-08-27 00:47:57,630: log_options() 'quotes_disabled_sources = ['Urban Dictionary']'
INFO: 2022-08-27 00:47:57,630: log_options() 'quotes_enabled = False'
INFO: 2022-08-27 00:47:57,630: log_options() 'quotes_favorites_file = /home/edgar/.config/variety/favorite_quotes.txt'
INFO: 2022-08-27 00:47:57,630: log_options() 'quotes_font = Serif 30'
INFO: 2022-08-27 00:47:57,630: log_options() 'quotes_hpos = 100'
INFO: 2022-08-27 00:47:57,630: log_options() 'quotes_max_length = 250'
INFO: 2022-08-27 00:47:57,630: log_options() 'quotes_tags = '
INFO: 2022-08-27 00:47:57,630: log_options() 'quotes_text_color = [255, 255, 255]'
INFO: 2022-08-27 00:47:57,630: log_options() 'quotes_text_shadow = False'
INFO: 2022-08-27 00:47:57,630: log_options() 'quotes_vpos = 40'
INFO: 2022-08-27 00:47:57,630: log_options() 'quotes_width = 70'
INFO: 2022-08-27 00:47:57,630: log_options() 'safe_mode = False'
INFO: 2022-08-27 00:47:57,630: log_options() 'set_wallpaper_script = /home/edgar/.config/variety/scripts/set_wallpaper_arco'
INFO: 2022-08-27 00:47:57,630: log_options() 'slideshow_custom_enabled = False'
INFO: 2022-08-27 00:47:57,630: log_options() 'slideshow_custom_folder = /home/edgar/Pictures'
INFO: 2022-08-27 00:47:57,630: log_options() 'slideshow_downloads_enabled = False'
INFO: 2022-08-27 00:47:57,630: log_options() 'slideshow_fade = 0.4'
INFO: 2022-08-27 00:47:57,630: log_options() 'slideshow_favorites_enabled = True'
INFO: 2022-08-27 00:47:57,630: log_options() 'slideshow_mode = Fullscreen'
INFO: 2022-08-27 00:47:57,630: log_options() 'slideshow_monitor = All'
INFO: 2022-08-27 00:47:57,630: log_options() 'slideshow_pan = 0.05'
INFO: 2022-08-27 00:47:57,630: log_options() 'slideshow_seconds = 6.0'
INFO: 2022-08-27 00:47:57,631: log_options() 'slideshow_sort_order = Random'
INFO: 2022-08-27 00:47:57,631: log_options() 'slideshow_sources_enabled = True'
INFO: 2022-08-27 00:47:57,631: log_options() 'slideshow_zoom = 0.2'
INFO: 2022-08-27 00:47:57,631: log_options() 'smart_enabled = False'
INFO: 2022-08-27 00:47:57,631: log_options() 'smart_notice_shown = False'
INFO: 2022-08-27 00:47:57,631: log_options() 'smart_register_shown = False'
INFO: 2022-08-27 00:47:57,631: log_options() 'sources = [[True, 'favorites', 'The Favorites folder'], [False, 'fetched', 'The Fetched folder'], [True, 'folder', '/usr/share/backgrounds'], [False, 'flickr', 'user:www.flickr.com/photos/peter-levi/;user_id:93647178@N00;'], [False, 'apod', "NASA's Astronomy Picture of the Day"], [False, 'bing', 'Bing Photo of the Day'], [False, 'earthview', 'Google Earth View Wallpapers'], [False, 'natgeo', "National Geographic's photo of the day"], [False, 'unsplash', 'High-resolution photos from Unsplash.com']]'
INFO: 2022-08-27 00:47:57,631: log_options() 'stats_enabled = True'
INFO: 2022-08-27 00:47:57,631: log_options() 'stats_notice_shown = False'
INFO: 2022-08-27 00:47:57,631: log_options() 'sync_enabled = True'
INFO: 2022-08-27 00:47:57,631: log_options() 'use_landscape_enabled = True'
INFO: 2022-08-27 00:47:57,631: log_options() 'wallhaven_api_key = '
INFO: 2022-08-27 00:47:57,631: log_options() 'wallpaper_auto_rotate = True'
INFO: 2022-08-27 00:47:57,631: log_options() 'wallpaper_display_mode = os'
INFO: 2022-08-27 00:47:57,631: reload_config() 'No need to clear prepared queue'
INFO: 2022-08-27 00:47:57,631: update_indicator() 'Setting file info to: /usr/share/backgrounds/arcolinux/time-abstract.jpg'
INFO: 2022-08-27 00:47:57,633: load_banned() 'Missing or invalid banned URLs list, no URLs will be banned'
INFO: 2022-08-27 00:47:57,633: load_last_change_time() 'Change interval < 6 hours, ignore persisted last_change_time, wait initially the whole interval: 300'
INFO: 2022-08-27 00:47:57,633: update_indicator() 'Setting file info to: /usr/share/backgrounds/arcolinux/time-abstract.jpg'
INFO: 2022-08-27 00:47:57,633: regular_change_thread() 'regular_change thread running'
INFO: 2022-08-27 00:47:57,634: prepare_thread() 'Prepare thread running'
INFO: 2022-08-27 00:47:57,634: prepare_thread() 'Prepared buffer contains 0 images'
INFO: 2022-08-27 00:47:57,634: prepare_thread() 'Preparing some images'
INFO: 2022-08-27 00:47:57,635: update_indicator_icon() 'Creating indicator'
WARNING: 2022-08-27 00:47:57,642: create_menu() 'Variety Slideshow is not installed. This is an optional extension adding pan-and-zoom slideshows to Variety: see https://github.com/peterlevi/variety-slideshow for details'
INFO: 2022-08-27 00:47:57,642: create_indicator() 'indicator backend: AppIndicator3'
INFO: 2022-08-27 00:47:57,660: set_from_theme_icon() 'Showing indicator icon variety-indicator from GTK theme'
INFO: 2022-08-27 00:47:57,733: do_set_wp() 'Calling do_set_wp with /usr/share/backgrounds/arcolinux/time-abstract.jpg, time: 1661554077.7334623'
INFO: 2022-08-27 00:47:57,734: apply_auto_rotate() 'ImageMagick auto-rotate cmd: convert /usr/share/backgrounds/arcolinux/time-abstract.jpg -auto-orient /home/edgar/.config/variety/wallpaper/wallpaper-auto-rotated-420c78184305bc62b3e4e46867d8316c.jpg'
INFO: 2022-08-27 00:47:57,782: prepare_thread() 'After search prepared buffer contains 10 images'
INFO: 2022-08-27 00:47:57,993: update_indicator() 'Setting file info to: /usr/share/backgrounds/arcolinux/time-abstract.jpg'
INFO: 2022-08-27 00:47:59,139: reload() 'Reloading preferences dialog'
INFO: 2022-08-27 00:47:59,782: trigger_download() 'Triggering download thread to check if download needed and possible'
INFO: 2022-08-27 00:48:17,653: server_options_thread() 'Fetching server options from http://tiny.cc/variety-options-063'
INFO: 2022-08-27 00:48:18,385: server_options_thread() 'Fetched server options: {'flickr': {'min_fill_queue_interval': 1200, 'min_download_interval': 1200}, 'wallbase': {'min_fill_queue_interval': 1800, 'min_download_interval': 1800}, 'wallhaven': {'min_fill_queue_interval': 1800, 'min_download_interval': 1800}, 'wallpapers.net': {'min_fill_queue_interval': 601, 'min_download_interval': 0}, 'unsplash': {'min_fill_queue_interval': 20000000000, 'min_download_interval': 20000000000}, 'unsplash_v2': {'min_fill_queue_interval': 3600, 'min_download_interval': 1800}, 'status_message': {'0.0.1': '', '*': ''}}'
INFO: 2022-08-27 00:51:04,924: update_indicator() 'Setting file info to: /usr/share/backgrounds/arcolinux/time-abstract.jpg'
INFO: 2022-08-27 00:51:10,525: set_wallpaper() 'Calling set_wallpaper with /usr/share/backgrounds/arcolinux/arco-wallpaper.jpg'
INFO: 2022-08-27 00:51:10,526: do_set_wp() 'Calling do_set_wp with /usr/share/backgrounds/arcolinux/arco-wallpaper.jpg, time: 1661554270.5264301'
INFO: 2022-08-27 00:51:10,527: apply_auto_rotate() 'ImageMagick auto-rotate cmd: convert /usr/share/backgrounds/arcolinux/arco-wallpaper.jpg -auto-orient /home/edgar/.config/variety/wallpaper/wallpaper-auto-rotated-134a9d9df064b088f5292e50e1090f4a.jpg'
INFO: 2022-08-27 00:51:11,211: update_indicator() 'Setting file info to: /usr/share/backgrounds/arcolinux/arco-wallpaper.jpg'
INFO: 2022-08-27 00:51:11,850: set_wallpaper() 'Calling set_wallpaper with /usr/share/backgrounds/arcolinux/arco-wallpaper.jpg'
INFO: 2022-08-27 00:51:11,863: do_set_wp() 'Calling do_set_wp with /usr/share/backgrounds/arcolinux/arco-wallpaper.jpg, time: 1661554271.8634794'
INFO: 2022-08-27 00:51:12,053: set_wallpaper() 'Calling set_wallpaper with /usr/share/backgrounds/arcolinux/arco-wallpaper.jpg'
INFO: 2022-08-27 00:51:12,868: do_set_wp() 'Calling do_set_wp with /usr/share/backgrounds/arcolinux/arco-wallpaper.jpg, time: 1661554272.8681352'
INFO: 2022-08-27 00:51:15,425: update_indicator() 'Setting file info to: /usr/share/backgrounds/arcolinux/time-abstract.jpg'
ERROR: 2022-08-27 00:51:21,214: set_desktop_wallpaper() 'Timeout while running set_wallpaper script, killed'
INFO: 2022-08-27 00:51:21,216: apply_auto_rotate() 'ImageMagick auto-rotate cmd: convert /usr/share/backgrounds/arcolinux/arco-wallpaper.jpg -auto-orient /home/edgar/.config/variety/wallpaper/wallpaper-auto-rotated-547335d073b358d6da18a7659affc11b.jpg'
INFO: 2022-08-27 00:51:21,954: update_indicator() 'Setting file info to: /usr/share/backgrounds/arcolinux/arco-wallpaper.jpg'
ERROR: 2022-08-27 00:51:31,957: set_desktop_wallpaper() 'Timeout while running set_wallpaper script, killed'
INFO: 2022-08-27 00:51:31,958: apply_auto_rotate() 'ImageMagick auto-rotate cmd: convert /usr/share/backgrounds/arcolinux/arco-wallpaper.jpg -auto-orient /home/edgar/.config/variety/wallpaper/wallpaper-auto-rotated-66c8a49b7f3c6ca32e2bb4d77f649f6f.jpg'
INFO: 2022-08-27 00:51:32,565: update_indicator() 'Setting file info to: /usr/share/backgrounds/arcolinux/arco-wallpaper.jpg'
ERROR: 2022-08-27 00:51:42,571: set_desktop_wallpaper() 'Timeout while running set_wallpaper script, killed'
INFO: 2022-08-27 00:56:42,571: regular_change_thread() 'regular_change changes wallpaper'
INFO: 2022-08-27 00:56:42,572: set_wallpaper() 'Calling set_wallpaper with /usr/share/backgrounds/arcolinux/sea-whale.jpg'
INFO: 2022-08-27 00:56:42,572: prepare_thread() 'Prepared buffer contains 9 images'
INFO: 2022-08-27 00:56:42,573: do_set_wp() 'Calling do_set_wp with /usr/share/backgrounds/arcolinux/sea-whale.jpg, time: 1661554602.5737224'
INFO: 2022-08-27 00:56:42,574: prepare_thread() 'Preparing some images'
INFO: 2022-08-27 00:56:42,575: apply_auto_rotate() 'ImageMagick auto-rotate cmd: convert /usr/share/backgrounds/arcolinux/sea-whale.jpg -auto-orient /home/edgar/.config/variety/wallpaper/wallpaper-auto-rotated-cc59f6d1481e9f210b636184d9abd729.jpg'
INFO: 2022-08-27 00:56:42,865: prepare_thread() 'After search prepared buffer contains 10 images'
INFO: 2022-08-27 00:56:43,437: update_indicator() 'Setting file info to: /usr/share/backgrounds/arcolinux/sea-whale.jpg'
INFO: 2022-08-27 00:56:44,865: trigger_download() 'Triggering download thread to check if download needed and possible'
ERROR: 2022-08-27 00:56:53,438: set_desktop_wallpaper() 'Timeout while running set_wallpaper script, killed'
INFO: 2022-08-27 01:01:53,440: regular_change_thread() 'regular_change changes wallpaper'
INFO: 2022-08-27 01:01:53,440: set_wallpaper() 'Calling set_wallpaper with /usr/share/backgrounds/arcolinux/arco-wallpaper.jpg'
INFO: 2022-08-27 01:01:53,441: do_set_wp() 'Calling do_set_wp with /usr/share/backgrounds/arcolinux/arco-wallpaper.jpg, time: 1661554913.4411752'
INFO: 2022-08-27 01:01:53,441: prepare_thread() 'Prepared buffer contains 9 images'
INFO: 2022-08-27 01:01:53,441: prepare_thread() 'Preparing some images'
INFO: 2022-08-27 01:01:53,443: apply_auto_rotate() 'ImageMagick auto-rotate cmd: convert /usr/share/backgrounds/arcolinux/arco-wallpaper.jpg -auto-orient /home/edgar/.config/variety/wallpaper/wallpaper-auto-rotated-9c48959d2339b85b8212224f11d9577e.jpg'
INFO: 2022-08-27 01:01:53,726: prepare_thread() 'After search prepared buffer contains 10 images'
INFO: 2022-08-27 01:01:53,858: update_indicator() 'Setting file info to: /usr/share/backgrounds/arcolinux/arco-wallpaper.jpg'
INFO: 2022-08-27 01:01:55,727: trigger_download() 'Triggering download thread to check if download needed and possible'
ERROR: 2022-08-27 01:02:03,860: set_desktop_wallpaper() 'Timeout while running set_wallpaper script, killed'
INFO: 2022-08-27 01:07:03,861: regular_change_thread() 'regular_change changes wallpaper'
INFO: 2022-08-27 01:07:03,861: set_wallpaper() 'Calling set_wallpaper with /usr/share/backgrounds/archlinux-login-backgrounds/att-01.jpg'
INFO: 2022-08-27 01:07:03,862: do_set_wp() 'Calling do_set_wp with /usr/share/backgrounds/archlinux-login-backgrounds/att-01.jpg, time: 1661555223.862151'
INFO: 2022-08-27 01:07:03,862: prepare_thread() 'Prepared buffer contains 9 images'
INFO: 2022-08-27 01:07:03,862: prepare_thread() 'Preparing some images'
INFO: 2022-08-27 01:07:03,863: apply_auto_rotate() 'ImageMagick auto-rotate cmd: convert /usr/share/backgrounds/archlinux-login-backgrounds/att-01.jpg -auto-orient /home/edgar/.config/variety/wallpaper/wallpaper-auto-rotated-9b66799e2cbb83893c2a130483a96014.jpg'
INFO: 2022-08-27 01:07:04,124: prepare_thread() 'After search prepared buffer contains 10 images'
INFO: 2022-08-27 01:07:04,970: update_indicator() 'Setting file info to: /usr/share/backgrounds/archlinux-login-backgrounds/att-01.jpg'
INFO: 2022-08-27 01:07:06,125: trigger_download() 'Triggering download thread to check if download needed and possible'
ERROR: 2022-08-27 01:07:14,972: set_desktop_wallpaper() 'Timeout while running set_wallpaper script, killed'
INFO: 2022-08-27 01:07:53,565: process_command() 'Received command: ['--toggle-pause']'
INFO: 2022-08-27 01:07:53,574: update_indicator() 'Setting file info to: /usr/share/backgrounds/archlinux-login-backgrounds/att-01.jpg'
INFO: 2022-08-27 01:07:53,575: regular_change_thread() 'regular_change: waiting till user resumes'
INFO: 2022-08-27 01:07:53,671: apply() 'Applying preferences'
INFO: 2022-08-27 01:07:53,697: set_visible() 'Showing indicator icon'
INFO: 2022-08-27 01:07:53,698: log_options() 'Loaded options:'
INFO: 2022-08-27 01:07:53,698: log_options() 'change_enabled = False'
INFO: 2022-08-27 01:07:53,698: log_options() 'change_interval = 300'
INFO: 2022-08-27 01:07:53,698: log_options() 'change_on_start = False'
INFO: 2022-08-27 01:07:53,698: log_options() 'clipboard_enabled = False'
INFO: 2022-08-27 01:07:53,698: log_options() 'clipboard_hosts = ['wallhaven.cc', 'wallpapers.net', 'flickr.com', 'imgur.com', 'deviantart.com', 'interfacelift.com', 'vladstudio.com', 'imageshack.us', 'deviantart.net', 'imageshack.com']'
INFO: 2022-08-27 01:07:53,699: log_options() 'clipboard_use_whitelist = True'
INFO: 2022-08-27 01:07:53,699: log_options() 'clock_date_font = Serif 30'
INFO: 2022-08-27 01:07:53,699: log_options() 'clock_enabled = False'
INFO: 2022-08-27 01:07:53,699: log_options() 'clock_filter = -density 100 -font `fc-match -f '%{file[0]}' '%CLOCK_FONT_NAME'` -pointsize %CLOCK_FONT_SIZE -gravity SouthEast -fill '#00000044' -annotate 0x0+[%HOFFSET+58]+[%VOFFSET+108] '%H:%M' -fill white -annotate 0x0+[%HOFFSET+60]+[%VOFFSET+110] '%H:%M' -font `fc-match -f '%{file[0]}' '%DATE_FONT_NAME'` -pointsize %DATE_FONT_SIZE -fill '#00000044' -annotate 0x0+[%HOFFSET+58]+[%VOFFSET+58] '%A, %B %d' -fill white -annotate 0x0+[%HOFFSET+60]+[%VOFFSET+60] '%A, %B %d''
INFO: 2022-08-27 01:07:53,699: log_options() 'clock_font = Serif 70'
INFO: 2022-08-27 01:07:53,699: log_options() 'configfile = /home/edgar/.config/variety/variety.conf'
INFO: 2022-08-27 01:07:53,699: log_options() 'copyto_enabled = False'
INFO: 2022-08-27 01:07:53,699: log_options() 'copyto_folder = Default'
INFO: 2022-08-27 01:07:53,700: log_options() 'desired_color = [160, 160, 160]'
INFO: 2022-08-27 01:07:53,700: log_options() 'desired_color_enabled = False'
INFO: 2022-08-27 01:07:53,700: log_options() 'download_folder = /home/edgar/.config/variety/Downloaded'
INFO: 2022-08-27 01:07:53,700: log_options() 'download_preference_ratio = 0.9'
INFO: 2022-08-27 01:07:53,700: log_options() 'favorites_folder = /home/edgar/.config/variety/Favorites'
INFO: 2022-08-27 01:07:53,700: log_options() 'favorites_operations = [['Downloaded', 'Copy'], ['Fetched', 'Move'], ['Others', 'Copy']]'
INFO: 2022-08-27 01:07:53,700: log_options() 'fetched_folder = /home/edgar/.config/variety/Fetched'
INFO: 2022-08-27 01:07:53,700: log_options() 'filters = [[False, 'Keep original', ''], [False, 'Grayscale', '-type Grayscale'], [False, 'Heavy blur', '-scale 20% -blur 0x10 -resize 500%'], [False, 'Soft blur', '-scale 20% -blur 0x2 -resize 500%'], [False, 'Oil painting', '-paint 8'], [False, 'Pointilism', '-spread 10 -noise 3'], [False, 'Pixellate', '-scale 3% -scale 3333%']]'
INFO: 2022-08-27 01:07:53,701: log_options() 'get_wallpaper_script = /home/edgar/.config/variety/scripts/get_wallpaper_arco'
INFO: 2022-08-27 01:07:53,701: log_options() 'icon = Light'
INFO: 2022-08-27 01:07:53,701: log_options() 'internet_enabled = True'
INFO: 2022-08-27 01:07:53,701: log_options() 'lightness_enabled = False'
INFO: 2022-08-27 01:07:53,701: log_options() 'lightness_mode = 0'
INFO: 2022-08-27 01:07:53,701: log_options() 'min_rating = 4'
INFO: 2022-08-27 01:07:53,701: log_options() 'min_rating_enabled = False'
INFO: 2022-08-27 01:07:53,701: log_options() 'min_size = 80'
INFO: 2022-08-27 01:07:53,701: log_options() 'min_size_enabled = True'
INFO: 2022-08-27 01:07:53,701: log_options() 'quota_enabled = True'
INFO: 2022-08-27 01:07:53,702: log_options() 'quota_size = 1000'
INFO: 2022-08-27 01:07:53,702: log_options() 'quotes_authors = '
INFO: 2022-08-27 01:07:53,702: log_options() 'quotes_bg_color = [80, 80, 80]'
INFO: 2022-08-27 01:07:53,702: log_options() 'quotes_bg_opacity = 55'
INFO: 2022-08-27 01:07:53,702: log_options() 'quotes_change_enabled = False'
INFO: 2022-08-27 01:07:53,702: log_options() 'quotes_change_interval = 300'
INFO: 2022-08-27 01:07:53,702: log_options() 'quotes_disabled_sources = ['Urban Dictionary']'
INFO: 2022-08-27 01:07:53,702: log_options() 'quotes_enabled = False'
INFO: 2022-08-27 01:07:53,702: log_options() 'quotes_favorites_file = /home/edgar/.config/variety/favorite_quotes.txt'
INFO: 2022-08-27 01:07:53,703: log_options() 'quotes_font = Serif 30'
INFO: 2022-08-27 01:07:53,703: log_options() 'quotes_hpos = 100'
INFO: 2022-08-27 01:07:53,703: log_options() 'quotes_max_length = 250'
INFO: 2022-08-27 01:07:53,703: log_options() 'quotes_tags = '
INFO: 2022-08-27 01:07:53,703: log_options() 'quotes_text_color = [255, 255, 255]'
INFO: 2022-08-27 01:07:53,704: log_options() 'quotes_text_shadow = False'
INFO: 2022-08-27 01:07:53,704: log_options() 'quotes_vpos = 40'
INFO: 2022-08-27 01:07:53,704: log_options() 'quotes_width = 70'
INFO: 2022-08-27 01:07:53,704: log_options() 'safe_mode = False'
INFO: 2022-08-27 01:07:53,704: log_options() 'set_wallpaper_script = /home/edgar/.config/variety/scripts/set_wallpaper_arco'
INFO: 2022-08-27 01:07:53,704: log_options() 'slideshow_custom_enabled = False'
INFO: 2022-08-27 01:07:53,704: log_options() 'slideshow_custom_folder = /home/edgar/Pictures'
INFO: 2022-08-27 01:07:53,704: log_options() 'slideshow_downloads_enabled = False'
INFO: 2022-08-27 01:07:53,704: log_options() 'slideshow_fade = 0.4'
INFO: 2022-08-27 01:07:53,704: log_options() 'slideshow_favorites_enabled = True'
INFO: 2022-08-27 01:07:53,705: log_options() 'slideshow_mode = Fullscreen'
INFO: 2022-08-27 01:07:53,705: log_options() 'slideshow_monitor = All'
INFO: 2022-08-27 01:07:53,705: log_options() 'slideshow_pan = 0.05'
INFO: 2022-08-27 01:07:53,705: log_options() 'slideshow_seconds = 6.0'
INFO: 2022-08-27 01:07:53,705: log_options() 'slideshow_sort_order = Random'
INFO: 2022-08-27 01:07:53,705: log_options() 'slideshow_sources_enabled = True'
INFO: 2022-08-27 01:07:53,705: log_options() 'slideshow_zoom = 0.2'
INFO: 2022-08-27 01:07:53,705: log_options() 'smart_enabled = False'
INFO: 2022-08-27 01:07:53,705: log_options() 'smart_notice_shown = False'
INFO: 2022-08-27 01:07:53,705: log_options() 'smart_register_shown = False'
INFO: 2022-08-27 01:07:53,706: log_options() 'sources = [[True, 'favorites', 'The Favorites folder'], [False, 'fetched', 'The Fetched folder'], [True, 'folder', '/usr/share/backgrounds'], [False, 'flickr', 'user:www.flickr.com/photos/peter-levi/;user_id:93647178@N00;'], [False, 'apod', "NASA's Astronomy Picture of the Day"], [False, 'bing', 'Bing Photo of the Day'], [False, 'earthview', 'Google Earth View Wallpapers'], [False, 'natgeo', "National Geographic's photo of the day"], [False, 'unsplash', 'High-resolution photos from Unsplash.com']]'
INFO: 2022-08-27 01:07:53,706: log_options() 'stats_enabled = True'
INFO: 2022-08-27 01:07:53,706: log_options() 'stats_notice_shown = False'
INFO: 2022-08-27 01:07:53,706: log_options() 'sync_enabled = True'
INFO: 2022-08-27 01:07:53,706: log_options() 'use_landscape_enabled = True'
INFO: 2022-08-27 01:07:53,706: log_options() 'wallhaven_api_key = '
INFO: 2022-08-27 01:07:53,706: log_options() 'wallpaper_auto_rotate = True'
INFO: 2022-08-27 01:07:53,706: log_options() 'wallpaper_display_mode = os'
INFO: 2022-08-27 01:07:53,707: reload_config() 'No need to clear prepared queue'
INFO: 2022-08-27 01:07:53,707: update_indicator() 'Setting file info to: /usr/share/backgrounds/archlinux-login-backgrounds/att-01.jpg'
INFO: 2022-08-27 01:07:53,712: prepare_thread() 'Prepared buffer contains 10 images'
INFO: 2022-08-27 01:07:53,712: prepare_thread() 'Preparing some images'
INFO: 2022-08-27 01:07:53,712: regular_change_thread() 'regular_change: waiting till user resumes'
INFO: 2022-08-27 01:07:53,747: set_from_theme_icon() 'Showing indicator icon variety-indicator from GTK theme'
INFO: 2022-08-27 01:07:53,812: do_set_wp() 'Calling do_set_wp with /usr/share/backgrounds/archlinux-login-backgrounds/att-01.jpg, time: 1661555273.8120422'
INFO: 2022-08-27 01:07:53,812: apply_auto_rotate() 'ImageMagick auto-rotate cmd: convert /usr/share/backgrounds/archlinux-login-backgrounds/att-01.jpg -auto-orient /home/edgar/.config/variety/wallpaper/wallpaper-auto-rotated-3ed21b32607b0287ccda8147739e578f.jpg'
INFO: 2022-08-27 01:07:53,960: prepare_thread() 'After search prepared buffer contains 10 images'
INFO: 2022-08-27 01:07:54,838: update_indicator() 'Setting file info to: /usr/share/backgrounds/archlinux-login-backgrounds/att-01.jpg'
INFO: 2022-08-27 01:07:55,960: trigger_download() 'Triggering download thread to check if download needed and possible'
ERROR: 2022-08-27 01:08:04,840: set_desktop_wallpaper() 'Timeout while running set_wallpaper script, killed'
INFO: 2022-08-27 02:08:17,689: process_command() 'Received command: ['--toggle-pause']'
INFO: 2022-08-27 02:08:17,695: update_indicator() 'Setting file info to: /usr/share/backgrounds/archlinux-login-backgrounds/att-01.jpg'
INFO: 2022-08-27 02:08:17,697: regular_change_thread() 'regular_change changes wallpaper'
INFO: 2022-08-27 02:08:17,697: set_wallpaper() 'Calling set_wallpaper with /usr/share/backgrounds/arcolinux/mystery-3840x2160.jpg'
INFO: 2022-08-27 02:08:17,697: do_set_wp() 'Calling do_set_wp with /usr/share/backgrounds/arcolinux/mystery-3840x2160.jpg, time: 1661558897.6978827'
INFO: 2022-08-27 02:08:17,698: prepare_thread() 'Prepared buffer contains 9 images'
INFO: 2022-08-27 02:08:17,698: prepare_thread() 'Preparing some images'
INFO: 2022-08-27 02:08:17,698: apply_auto_rotate() 'ImageMagick auto-rotate cmd: convert /usr/share/backgrounds/arcolinux/mystery-3840x2160.jpg -auto-orient /home/edgar/.config/variety/wallpaper/wallpaper-auto-rotated-d6be587035db978da3788bf6d687bfd2.jpg'
INFO: 2022-08-27 02:08:17,792: apply() 'Applying preferences'
INFO: 2022-08-27 02:08:17,799: set_visible() 'Showing indicator icon'
INFO: 2022-08-27 02:08:17,800: log_options() 'Loaded options:'
INFO: 2022-08-27 02:08:17,800: log_options() 'change_enabled = True'
INFO: 2022-08-27 02:08:17,800: log_options() 'change_interval = 300'
INFO: 2022-08-27 02:08:17,800: log_options() 'change_on_start = False'
INFO: 2022-08-27 02:08:17,800: log_options() 'clipboard_enabled = False'
INFO: 2022-08-27 02:08:17,800: log_options() 'clipboard_hosts = ['wallhaven.cc', 'wallpapers.net', 'flickr.com', 'imgur.com', 'deviantart.com', 'interfacelift.com', 'vladstudio.com', 'imageshack.us', 'deviantart.net', 'imageshack.com']'
INFO: 2022-08-27 02:08:17,800: log_options() 'clipboard_use_whitelist = True'
INFO: 2022-08-27 02:08:17,800: log_options() 'clock_date_font = Serif 30'
INFO: 2022-08-27 02:08:17,800: log_options() 'clock_enabled = False'
INFO: 2022-08-27 02:08:17,800: set_from_theme_icon() 'Showing indicator icon variety-indicator from GTK theme'
INFO: 2022-08-27 02:08:17,800: log_options() 'clock_filter = -density 100 -font `fc-match -f '%{file[0]}' '%CLOCK_FONT_NAME'` -pointsize %CLOCK_FONT_SIZE -gravity SouthEast -fill '#00000044' -annotate 0x0+[%HOFFSET+58]+[%VOFFSET+108] '%H:%M' -fill white -annotate 0x0+[%HOFFSET+60]+[%VOFFSET+110] '%H:%M' -font `fc-match -f '%{file[0]}' '%DATE_FONT_NAME'` -pointsize %DATE_FONT_SIZE -fill '#00000044' -annotate 0x0+[%HOFFSET+58]+[%VOFFSET+58] '%A, %B %d' -fill white -annotate 0x0+[%HOFFSET+60]+[%VOFFSET+60] '%A, %B %d''
INFO: 2022-08-27 02:08:17,800: log_options() 'clock_font = Serif 70'
INFO: 2022-08-27 02:08:17,800: log_options() 'configfile = /home/edgar/.config/variety/variety.conf'
INFO: 2022-08-27 02:08:17,800: log_options() 'copyto_enabled = False'
INFO: 2022-08-27 02:08:17,801: log_options() 'copyto_folder = Default'
INFO: 2022-08-27 02:08:17,801: log_options() 'desired_color = [160, 160, 160]'
INFO: 2022-08-27 02:08:17,801: log_options() 'desired_color_enabled = False'
INFO: 2022-08-27 02:08:17,801: log_options() 'download_folder = /home/edgar/.config/variety/Downloaded'
INFO: 2022-08-27 02:08:17,801: log_options() 'download_preference_ratio = 0.9'
INFO: 2022-08-27 02:08:17,801: log_options() 'favorites_folder = /home/edgar/.config/variety/Favorites'
INFO: 2022-08-27 02:08:17,801: log_options() 'favorites_operations = [['Downloaded', 'Copy'], ['Fetched', 'Move'], ['Others', 'Copy']]'
INFO: 2022-08-27 02:08:17,801: log_options() 'fetched_folder = /home/edgar/.config/variety/Fetched'
INFO: 2022-08-27 02:08:17,801: log_options() 'filters = [[False, 'Keep original', ''], [False, 'Grayscale', '-type Grayscale'], [False, 'Heavy blur', '-scale 20% -blur 0x10 -resize 500%'], [False, 'Soft blur', '-scale 20% -blur 0x2 -resize 500%'], [False, 'Oil painting', '-paint 8'], [False, 'Pointilism', '-spread 10 -noise 3'], [False, 'Pixellate', '-scale 3% -scale 3333%']]'
INFO: 2022-08-27 02:08:17,801: log_options() 'get_wallpaper_script = /home/edgar/.config/variety/scripts/get_wallpaper_arco'
INFO: 2022-08-27 02:08:17,801: log_options() 'icon = Light'
INFO: 2022-08-27 02:08:17,801: log_options() 'internet_enabled = True'
INFO: 2022-08-27 02:08:17,801: log_options() 'lightness_enabled = False'
INFO: 2022-08-27 02:08:17,801: log_options() 'lightness_mode = 0'
INFO: 2022-08-27 02:08:17,801: log_options() 'min_rating = 4'
INFO: 2022-08-27 02:08:17,801: log_options() 'min_rating_enabled = False'
INFO: 2022-08-27 02:08:17,801: log_options() 'min_size = 80'
INFO: 2022-08-27 02:08:17,801: log_options() 'min_size_enabled = True'
INFO: 2022-08-27 02:08:17,801: log_options() 'quota_enabled = True'
INFO: 2022-08-27 02:08:17,801: log_options() 'quota_size = 1000'
INFO: 2022-08-27 02:08:17,801: log_options() 'quotes_authors = '
INFO: 2022-08-27 02:08:17,801: log_options() 'quotes_bg_color = [80, 80, 80]'
INFO: 2022-08-27 02:08:17,801: log_options() 'quotes_bg_opacity = 55'
INFO: 2022-08-27 02:08:17,801: log_options() 'quotes_change_enabled = False'
INFO: 2022-08-27 02:08:17,801: log_options() 'quotes_change_interval = 300'
INFO: 2022-08-27 02:08:17,802: log_options() 'quotes_disabled_sources = ['Urban Dictionary']'
INFO: 2022-08-27 02:08:17,802: log_options() 'quotes_enabled = False'
INFO: 2022-08-27 02:08:17,802: log_options() 'quotes_favorites_file = /home/edgar/.config/variety/favorite_quotes.txt'
INFO: 2022-08-27 02:08:17,802: log_options() 'quotes_font = Serif 30'
INFO: 2022-08-27 02:08:17,802: log_options() 'quotes_hpos = 100'
INFO: 2022-08-27 02:08:17,802: log_options() 'quotes_max_length = 250'
INFO: 2022-08-27 02:08:17,802: log_options() 'quotes_tags = '
INFO: 2022-08-27 02:08:17,802: log_options() 'quotes_text_color = [255, 255, 255]'
INFO: 2022-08-27 02:08:17,802: log_options() 'quotes_text_shadow = False'
INFO: 2022-08-27 02:08:17,802: log_options() 'quotes_vpos = 40'
INFO: 2022-08-27 02:08:17,802: log_options() 'quotes_width = 70'
INFO: 2022-08-27 02:08:17,802: log_options() 'safe_mode = False'
INFO: 2022-08-27 02:08:17,802: log_options() 'set_wallpaper_script = /home/edgar/.config/variety/scripts/set_wallpaper_arco'
INFO: 2022-08-27 02:08:17,802: log_options() 'slideshow_custom_enabled = False'
INFO: 2022-08-27 02:08:17,802: log_options() 'slideshow_custom_folder = /home/edgar/Pictures'
INFO: 2022-08-27 02:08:17,802: log_options() 'slideshow_downloads_enabled = False'
INFO: 2022-08-27 02:08:17,802: log_options() 'slideshow_fade = 0.4'
INFO: 2022-08-27 02:08:17,802: log_options() 'slideshow_favorites_enabled = True'
INFO: 2022-08-27 02:08:17,802: log_options() 'slideshow_mode = Fullscreen'
INFO: 2022-08-27 02:08:17,802: log_options() 'slideshow_monitor = All'
INFO: 2022-08-27 02:08:17,802: log_options() 'slideshow_pan = 0.05'
INFO: 2022-08-27 02:08:17,802: log_options() 'slideshow_seconds = 6.0'
INFO: 2022-08-27 02:08:17,802: log_options() 'slideshow_sort_order = Random'
INFO: 2022-08-27 02:08:17,802: log_options() 'slideshow_sources_enabled = True'
INFO: 2022-08-27 02:08:17,802: log_options() 'slideshow_zoom = 0.2'
INFO: 2022-08-27 02:08:17,803: log_options() 'smart_enabled = False'
INFO: 2022-08-27 02:08:17,803: log_options() 'smart_notice_shown = False'
INFO: 2022-08-27 02:08:17,803: log_options() 'smart_register_shown = False'
INFO: 2022-08-27 02:08:17,803: log_options() 'sources = [[True, 'favorites', 'The Favorites folder'], [False, 'fetched', 'The Fetched folder'], [True, 'folder', '/usr/share/backgrounds'], [False, 'flickr', 'user:www.flickr.com/photos/peter-levi/;user_id:93647178@N00;'], [False, 'apod', "NASA's Astronomy Picture of the Day"], [False, 'bing', 'Bing Photo of the Day'], [False, 'earthview', 'Google Earth View Wallpapers'], [False, 'natgeo', "National Geographic's photo of the day"], [False, 'unsplash', 'High-resolution photos from Unsplash.com']]'
INFO: 2022-08-27 02:08:17,803: log_options() 'stats_enabled = True'
INFO: 2022-08-27 02:08:17,803: log_options() 'stats_notice_shown = False'
INFO: 2022-08-27 02:08:17,803: log_options() 'sync_enabled = True'
INFO: 2022-08-27 02:08:17,803: log_options() 'use_landscape_enabled = True'
INFO: 2022-08-27 02:08:17,803: log_options() 'wallhaven_api_key = '
INFO: 2022-08-27 02:08:17,803: log_options() 'wallpaper_auto_rotate = True'
INFO: 2022-08-27 02:08:17,803: log_options() 'wallpaper_display_mode = os'
INFO: 2022-08-27 02:08:17,803: reload_config() 'No need to clear prepared queue'
INFO: 2022-08-27 02:08:17,803: update_indicator() 'Setting file info to: /usr/share/backgrounds/archlinux-login-backgrounds/att-01.jpg'
INFO: 2022-08-27 02:08:17,872: prepare_thread() 'After search prepared buffer contains 10 images'
INFO: 2022-08-27 02:08:17,873: prepare_thread() 'Prepared buffer contains 10 images'
INFO: 2022-08-27 02:08:17,873: prepare_thread() 'Preparing some images'
INFO: 2022-08-27 02:08:18,036: prepare_thread() 'After search prepared buffer contains 10 images'
INFO: 2022-08-27 02:08:18,276: update_indicator() 'Setting file info to: /usr/share/backgrounds/arcolinux/mystery-3840x2160.jpg'
INFO: 2022-08-27 02:08:18,397: process_command() 'Received command: ['--toggle-pause']'
INFO: 2022-08-27 02:08:18,403: update_indicator() 'Setting file info to: /usr/share/backgrounds/archlinux-login-backgrounds/att-01.jpg'
INFO: 2022-08-27 02:08:18,405: regular_change_thread() 'regular_change: waiting till user resumes'
INFO: 2022-08-27 02:08:18,501: apply() 'Applying preferences'
INFO: 2022-08-27 02:08:18,507: set_visible() 'Showing indicator icon'
INFO: 2022-08-27 02:08:18,507: set_from_theme_icon() 'Showing indicator icon variety-indicator from GTK theme'
INFO: 2022-08-27 02:08:18,507: log_options() 'Loaded options:'
INFO: 2022-08-27 02:08:18,507: log_options() 'change_enabled = False'
INFO: 2022-08-27 02:08:18,507: log_options() 'change_interval = 300'
INFO: 2022-08-27 02:08:18,507: log_options() 'change_on_start = False'
INFO: 2022-08-27 02:08:18,507: log_options() 'clipboard_enabled = False'
INFO: 2022-08-27 02:08:18,508: log_options() 'clipboard_hosts = ['wallhaven.cc', 'wallpapers.net', 'flickr.com', 'imgur.com', 'deviantart.com', 'interfacelift.com', 'vladstudio.com', 'imageshack.us', 'deviantart.net', 'imageshack.com']'
INFO: 2022-08-27 02:08:18,508: log_options() 'clipboard_use_whitelist = True'
INFO: 2022-08-27 02:08:18,508: log_options() 'clock_date_font = Serif 30'
INFO: 2022-08-27 02:08:18,508: log_options() 'clock_enabled = False'
INFO: 2022-08-27 02:08:18,508: log_options() 'clock_filter = -density 100 -font `fc-match -f '%{file[0]}' '%CLOCK_FONT_NAME'` -pointsize %CLOCK_FONT_SIZE -gravity SouthEast -fill '#00000044' -annotate 0x0+[%HOFFSET+58]+[%VOFFSET+108] '%H:%M' -fill white -annotate 0x0+[%HOFFSET+60]+[%VOFFSET+110] '%H:%M' -font `fc-match -f '%{file[0]}' '%DATE_FONT_NAME'` -pointsize %DATE_FONT_SIZE -fill '#00000044' -annotate 0x0+[%HOFFSET+58]+[%VOFFSET+58] '%A, %B %d' -fill white -annotate 0x0+[%HOFFSET+60]+[%VOFFSET+60] '%A, %B %d''
INFO: 2022-08-27 02:08:18,508: log_options() 'clock_font = Serif 70'
INFO: 2022-08-27 02:08:18,508: log_options() 'configfile = /home/edgar/.config/variety/variety.conf'
INFO: 2022-08-27 02:08:18,508: log_options() 'copyto_enabled = False'
INFO: 2022-08-27 02:08:18,508: log_options() 'copyto_folder = Default'
INFO: 2022-08-27 02:08:18,508: log_options() 'desired_color = [160, 160, 160]'
INFO: 2022-08-27 02:08:18,508: log_options() 'desired_color_enabled = False'
INFO: 2022-08-27 02:08:18,508: log_options() 'download_folder = /home/edgar/.config/variety/Downloaded'
INFO: 2022-08-27 02:08:18,508: log_options() 'download_preference_ratio = 0.9'
INFO: 2022-08-27 02:08:18,508: log_options() 'favorites_folder = /home/edgar/.config/variety/Favorites'
INFO: 2022-08-27 02:08:18,508: log_options() 'favorites_operations = [['Downloaded', 'Copy'], ['Fetched', 'Move'], ['Others', 'Copy']]'
INFO: 2022-08-27 02:08:18,508: log_options() 'fetched_folder = /home/edgar/.config/variety/Fetched'
INFO: 2022-08-27 02:08:18,508: log_options() 'filters = [[False, 'Keep original', ''], [False, 'Grayscale', '-type Grayscale'], [False, 'Heavy blur', '-scale 20% -blur 0x10 -resize 500%'], [False, 'Soft blur', '-scale 20% -blur 0x2 -resize 500%'], [False, 'Oil painting', '-paint 8'], [False, 'Pointilism', '-spread 10 -noise 3'], [False, 'Pixellate', '-scale 3% -scale 3333%']]'
INFO: 2022-08-27 02:08:18,508: log_options() 'get_wallpaper_script = /home/edgar/.config/variety/scripts/get_wallpaper_arco'
INFO: 2022-08-27 02:08:18,508: log_options() 'icon = Light'
INFO: 2022-08-27 02:08:18,508: log_options() 'internet_enabled = True'
INFO: 2022-08-27 02:08:18,508: log_options() 'lightness_enabled = False'
INFO: 2022-08-27 02:08:18,508: log_options() 'lightness_mode = 0'
INFO: 2022-08-27 02:08:18,508: log_options() 'min_rating = 4'
INFO: 2022-08-27 02:08:18,508: log_options() 'min_rating_enabled = False'
INFO: 2022-08-27 02:08:18,508: log_options() 'min_size = 80'
INFO: 2022-08-27 02:08:18,508: log_options() 'min_size_enabled = True'
INFO: 2022-08-27 02:08:18,508: log_options() 'quota_enabled = True'
INFO: 2022-08-27 02:08:18,508: log_options() 'quota_size = 1000'
INFO: 2022-08-27 02:08:18,508: log_options() 'quotes_authors = '
INFO: 2022-08-27 02:08:18,508: log_options() 'quotes_bg_color = [80, 80, 80]'
INFO: 2022-08-27 02:08:18,508: log_options() 'quotes_bg_opacity = 55'
INFO: 2022-08-27 02:08:18,509: log_options() 'quotes_change_enabled = False'
INFO: 2022-08-27 02:08:18,509: log_options() 'quotes_change_interval = 300'
INFO: 2022-08-27 02:08:18,509: log_options() 'quotes_disabled_sources = ['Urban Dictionary']'
INFO: 2022-08-27 02:08:18,509: log_options() 'quotes_enabled = False'
INFO: 2022-08-27 02:08:18,509: log_options() 'quotes_favorites_file = /home/edgar/.config/variety/favorite_quotes.txt'
INFO: 2022-08-27 02:08:18,509: log_options() 'quotes_font = Serif 30'
INFO: 2022-08-27 02:08:18,509: log_options() 'quotes_hpos = 100'
INFO: 2022-08-27 02:08:18,509: log_options() 'quotes_max_length = 250'
INFO: 2022-08-27 02:08:18,509: log_options() 'quotes_tags = '
INFO: 2022-08-27 02:08:18,509: log_options() 'quotes_text_color = [255, 255, 255]'
INFO: 2022-08-27 02:08:18,509: log_options() 'quotes_text_shadow = False'
INFO: 2022-08-27 02:08:18,509: log_options() 'quotes_vpos = 40'
INFO: 2022-08-27 02:08:18,509: log_options() 'quotes_width = 70'
INFO: 2022-08-27 02:08:18,509: log_options() 'safe_mode = False'
INFO: 2022-08-27 02:08:18,509: log_options() 'set_wallpaper_script = /home/edgar/.config/variety/scripts/set_wallpaper_arco'
INFO: 2022-08-27 02:08:18,509: log_options() 'slideshow_custom_enabled = False'
INFO: 2022-08-27 02:08:18,509: log_options() 'slideshow_custom_folder = /home/edgar/Pictures'
INFO: 2022-08-27 02:08:18,509: log_options() 'slideshow_downloads_enabled = False'
INFO: 2022-08-27 02:08:18,509: log_options() 'slideshow_fade = 0.4'
INFO: 2022-08-27 02:08:18,509: log_options() 'slideshow_favorites_enabled = True'
INFO: 2022-08-27 02:08:18,509: log_options() 'slideshow_mode = Fullscreen'
INFO: 2022-08-27 02:08:18,509: log_options() 'slideshow_monitor = All'
INFO: 2022-08-27 02:08:18,509: log_options() 'slideshow_pan = 0.05'
INFO: 2022-08-27 02:08:18,509: log_options() 'slideshow_seconds = 6.0'
INFO: 2022-08-27 02:08:18,509: log_options() 'slideshow_sort_order = Random'
INFO: 2022-08-27 02:08:18,509: log_options() 'slideshow_sources_enabled = True'
INFO: 2022-08-27 02:08:18,509: log_options() 'slideshow_zoom = 0.2'
INFO: 2022-08-27 02:08:18,509: log_options() 'smart_enabled = False'
INFO: 2022-08-27 02:08:18,509: log_options() 'smart_notice_shown = False'
INFO: 2022-08-27 02:08:18,509: log_options() 'smart_register_shown = False'
INFO: 2022-08-27 02:08:18,510: log_options() 'sources = [[True, 'favorites', 'The Favorites folder'], [False, 'fetched', 'The Fetched folder'], [True, 'folder', '/usr/share/backgrounds'], [False, 'flickr', 'user:www.flickr.com/photos/peter-levi/;user_id:93647178@N00;'], [False, 'apod', "NASA's Astronomy Picture of the Day"], [False, 'bing', 'Bing Photo of the Day'], [False, 'earthview', 'Google Earth View Wallpapers'], [False, 'natgeo', "National Geographic's photo of the day"], [False, 'unsplash', 'High-resolution photos from Unsplash.com']]'
INFO: 2022-08-27 02:08:18,510: log_options() 'stats_enabled = True'
INFO: 2022-08-27 02:08:18,510: log_options() 'stats_notice_shown = False'
INFO: 2022-08-27 02:08:18,510: log_options() 'sync_enabled = True'
INFO: 2022-08-27 02:08:18,510: log_options() 'use_landscape_enabled = True'
INFO: 2022-08-27 02:08:18,510: log_options() 'wallhaven_api_key = '
INFO: 2022-08-27 02:08:18,510: log_options() 'wallpaper_auto_rotate = True'
INFO: 2022-08-27 02:08:18,510: log_options() 'wallpaper_display_mode = os'
INFO: 2022-08-27 02:08:18,510: reload_config() 'No need to clear prepared queue'
INFO: 2022-08-27 02:08:18,510: update_indicator() 'Setting file info to: /usr/share/backgrounds/archlinux-login-backgrounds/att-01.jpg'
INFO: 2022-08-27 02:08:18,512: regular_change_thread() 'regular_change: waiting till user resumes'
INFO: 2022-08-27 02:08:18,512: prepare_thread() 'Prepared buffer contains 10 images'
INFO: 2022-08-27 02:08:18,512: prepare_thread() 'Preparing some images'
INFO: 2022-08-27 02:08:18,601: process_command() 'Received command: ['--toggle-pause']'
INFO: 2022-08-27 02:08:18,610: update_indicator() 'Setting file info to: /usr/share/backgrounds/archlinux-login-backgrounds/att-01.jpg'
INFO: 2022-08-27 02:08:18,698: do_set_wp() 'Calling do_set_wp with /usr/share/backgrounds/archlinux-login-backgrounds/att-01.jpg, time: 1661558898.6983008'
INFO: 2022-08-27 02:08:18,701: prepare_thread() 'After search prepared buffer contains 10 images'
INFO: 2022-08-27 02:08:18,706: apply() 'Applying preferences'
INFO: 2022-08-27 02:08:18,706: process_command() 'Received command: ['--toggle-pause']'
INFO: 2022-08-27 02:08:18,718: reload_config() 'Size/landscape settings changed - purging downloaders cache'
INFO: 2022-08-27 02:08:18,718: log_options() 'Loaded options:'
INFO: 2022-08-27 02:08:18,719: log_options() 'change_enabled = True'
INFO: 2022-08-27 02:08:18,719: log_options() 'change_interval = 300'
INFO: 2022-08-27 02:08:18,719: log_options() 'change_on_start = False'
INFO: 2022-08-27 02:08:18,719: log_options() 'clipboard_enabled = False'
INFO: 2022-08-27 02:08:18,719: log_options() 'clipboard_hosts = ['wallhaven.cc', 'ns223506.ovh.net', 'wallpapers.net', 'flickr.com', 'imgur.com', 'deviantart.com', 'interfacelift.com', 'vladstudio.com']'
INFO: 2022-08-27 02:08:18,719: log_options() 'clipboard_use_whitelist = True'
INFO: 2022-08-27 02:08:18,719: log_options() 'clock_date_font = Serif 30'
INFO: 2022-08-27 02:08:18,719: log_options() 'clock_enabled = False'
INFO: 2022-08-27 02:08:18,719: log_options() 'clock_filter = -density 100 -font `fc-match -f '%{file[0]}' '%CLOCK_FONT_NAME'` -pointsize %CLOCK_FONT_SIZE -gravity SouthEast -fill '#00000044' -annotate 0x0+[%HOFFSET+58]+[%VOFFSET+108] '%H:%M' -fill white -annotate 0x0+[%HOFFSET+60]+[%VOFFSET+110] '%H:%M' -font `fc-match -f '%{file[0]}' '%DATE_FONT_NAME'` -pointsize %DATE_FONT_SIZE -fill '#00000044' -annotate 0x0+[%HOFFSET+58]+[%VOFFSET+58] '%A, %B %d' -fill white -annotate 0x0+[%HOFFSET+60]+[%VOFFSET+60] '%A, %B %d''
INFO: 2022-08-27 02:08:18,719: log_options() 'clock_font = Serif 70'
INFO: 2022-08-27 02:08:18,719: log_options() 'configfile = /home/edgar/.config/variety/variety.conf'
INFO: 2022-08-27 02:08:18,719: log_options() 'copyto_enabled = False'
INFO: 2022-08-27 02:08:18,719: log_options() 'copyto_folder = Default'
INFO: 2022-08-27 02:08:18,719: log_options() 'desired_color = None'
INFO: 2022-08-27 02:08:18,719: log_options() 'desired_color_enabled = False'
INFO: 2022-08-27 02:08:18,719: log_options() 'download_folder = /home/edgar/.config/variety/Downloaded'
INFO: 2022-08-27 02:08:18,720: log_options() 'download_preference_ratio = 0.9'
INFO: 2022-08-27 02:08:18,720: log_options() 'favorites_folder = /home/edgar/.config/variety/Favorites'
INFO: 2022-08-27 02:08:18,720: log_options() 'favorites_operations = [['Downloaded', 'Copy'], ['Fetched', 'Move'], ['Others', 'Copy']]'
INFO: 2022-08-27 02:08:18,720: log_options() 'fetched_folder = /home/edgar/.config/variety/Fetched'
INFO: 2022-08-27 02:08:18,720: log_options() 'filters = [[False, 'Keep original', ''], [False, 'Grayscale', '-type Grayscale'], [False, 'Heavy blur', '-scale 20% -blur 0x10 -resize 500%'], [False, 'Oil painting', '-paint 8'], [False, 'Charcoal painting', '-charcoal 3'], [False, 'Pointilism', '-spread 10 -noise 3'], [False, 'Pixellate', '-scale 3% -scale 3333%'], [False, 'Soft blur', '-scale 20% -blur 0x2 -resize 500%']]'
INFO: 2022-08-27 02:08:18,720: log_options() 'get_wallpaper_script = /home/edgar/.config/variety/scripts/get_wallpaper'
INFO: 2022-08-27 02:08:18,720: log_options() 'icon = Light'
INFO: 2022-08-27 02:08:18,720: log_options() 'internet_enabled = True'
INFO: 2022-08-27 02:08:18,720: log_options() 'lightness_enabled = False'
INFO: 2022-08-27 02:08:18,720: log_options() 'lightness_mode = 0'
INFO: 2022-08-27 02:08:18,720: log_options() 'min_rating = 4'
INFO: 2022-08-27 02:08:18,720: log_options() 'min_rating_enabled = False'
INFO: 2022-08-27 02:08:18,720: log_options() 'min_size = 80'
INFO: 2022-08-27 02:08:18,720: log_options() 'min_size_enabled = False'
INFO: 2022-08-27 02:08:18,720: log_options() 'quota_enabled = True'
INFO: 2022-08-27 02:08:18,720: log_options() 'quota_size = 1000'
INFO: 2022-08-27 02:08:18,720: log_options() 'quotes_authors = '
INFO: 2022-08-27 02:08:18,720: log_options() 'quotes_bg_color = (80, 80, 80)'
INFO: 2022-08-27 02:08:18,720: log_options() 'quotes_bg_opacity = 55'
INFO: 2022-08-27 02:08:18,720: log_options() 'quotes_change_enabled = False'
INFO: 2022-08-27 02:08:18,720: log_options() 'quotes_change_interval = 300'
INFO: 2022-08-27 02:08:18,721: log_options() 'quotes_disabled_sources = []'
INFO: 2022-08-27 02:08:18,721: log_options() 'quotes_enabled = False'
INFO: 2022-08-27 02:08:18,721: log_options() 'quotes_favorites_file = /home/edgar/.config/variety/favorite_quotes.txt'
INFO: 2022-08-27 02:08:18,721: log_options() 'quotes_font = Serif 30'
INFO: 2022-08-27 02:08:18,721: log_options() 'quotes_hpos = 100'
INFO: 2022-08-27 02:08:18,721: log_options() 'quotes_max_length = 250'
INFO: 2022-08-27 02:08:18,721: log_options() 'quotes_tags = '
INFO: 2022-08-27 02:08:18,721: log_options() 'quotes_text_color = (255, 255, 255)'
INFO: 2022-08-27 02:08:18,721: log_options() 'quotes_text_shadow = False'
INFO: 2022-08-27 02:08:18,721: log_options() 'quotes_vpos = 40'
INFO: 2022-08-27 02:08:18,721: log_options() 'quotes_width = 70'
INFO: 2022-08-27 02:08:18,721: log_options() 'safe_mode = False'
INFO: 2022-08-27 02:08:18,721: log_options() 'set_wallpaper_script = /home/edgar/.config/variety/scripts/set_wallpaper'
INFO: 2022-08-27 02:08:18,721: log_options() 'slideshow_custom_enabled = False'
INFO: 2022-08-27 02:08:18,721: log_options() 'slideshow_custom_folder = /home/edgar/Pictures'
INFO: 2022-08-27 02:08:18,721: log_options() 'slideshow_downloads_enabled = False'
INFO: 2022-08-27 02:08:18,721: log_options() 'slideshow_fade = 0.4'
INFO: 2022-08-27 02:08:18,721: log_options() 'slideshow_favorites_enabled = True'
INFO: 2022-08-27 02:08:18,721: log_options() 'slideshow_mode = Fullscreen'
INFO: 2022-08-27 02:08:18,721: log_options() 'slideshow_monitor = All'
INFO: 2022-08-27 02:08:18,721: log_options() 'slideshow_pan = 0.05'
INFO: 2022-08-27 02:08:18,721: log_options() 'slideshow_seconds = 6'
INFO: 2022-08-27 02:08:18,722: log_options() 'slideshow_sort_order = Random'
INFO: 2022-08-27 02:08:18,722: log_options() 'slideshow_sources_enabled = True'
INFO: 2022-08-27 02:08:18,722: log_options() 'slideshow_zoom = 0.2'
INFO: 2022-08-27 02:08:18,722: log_options() 'smart_enabled = False'
INFO: 2022-08-27 02:08:18,722: log_options() 'smart_notice_shown = False'
INFO: 2022-08-27 02:08:18,722: log_options() 'smart_register_shown = False'
INFO: 2022-08-27 02:08:18,722: log_options() 'sources = [[False, 'apod', 'NASA Astro Pic of the Day'], [False, 'bing', 'Bing Photo of the Day'], [False, 'earthview', 'Google Earth View Wallpapers'], [False, 'natgeo', "National Geographic's photo of the day"], [False, 'unsplash', 'High-resolution photos from Unsplash.com'], [False, 'favorites', 'The Favorites folder'], [True, 'fetched', 'The Fetched folder']]'
INFO: 2022-08-27 02:08:18,722: log_options() 'stats_enabled = False'
INFO: 2022-08-27 02:08:18,722: log_options() 'stats_notice_shown = False'
INFO: 2022-08-27 02:08:18,722: log_options() 'sync_enabled = False'
INFO: 2022-08-27 02:08:18,722: log_options() 'use_landscape_enabled = True'
INFO: 2022-08-27 02:08:18,722: log_options() 'wallhaven_api_key = '
INFO: 2022-08-27 02:08:18,722: log_options() 'wallpaper_auto_rotate = True'
INFO: 2022-08-27 02:08:18,722: log_options() 'wallpaper_display_mode = os'
INFO: 2022-08-27 02:08:18,722: clear_prepared_queue() 'Clearing prepared queue'
INFO: 2022-08-27 02:08:18,722: update_indicator() 'Setting file info to: /usr/share/backgrounds/archlinux-login-backgrounds/att-01.jpg'
INFO: 2022-08-27 02:08:18,722: prepare_thread() 'Prepared buffer contains 0 images'
INFO: 2022-08-27 02:08:18,722: prepare_thread() 'Preparing some images'
INFO: 2022-08-27 02:08:18,723: prepare_thread() 'After search prepared buffer contains 0 images'
INFO: 2022-08-27 02:08:18,724: update_indicator() 'Setting file info to: /usr/share/backgrounds/archlinux-login-backgrounds/att-01.jpg'
INFO: 2022-08-27 02:08:18,725: prepare_thread() 'Prepared buffer contains 0 images'
INFO: 2022-08-27 02:08:18,726: prepare_thread() 'Preparing some images'
INFO: 2022-08-27 02:08:18,726: prepare_thread() 'After search prepared buffer contains 0 images'
INFO: 2022-08-27 02:08:18,727: set_visible() 'Showing indicator icon'
INFO: 2022-08-27 02:08:18,727: set_from_theme_icon() 'Showing indicator icon variety-indicator from GTK theme'
INFO: 2022-08-27 02:08:18,815: apply() 'Applying preferences'
INFO: 2022-08-27 02:08:18,835: reload_config() 'Size/landscape settings changed - purging downloaders cache'
INFO: 2022-08-27 02:08:18,835: set_visible() 'Showing indicator icon'
INFO: 2022-08-27 02:08:18,836: log_options() 'Loaded options:'
INFO: 2022-08-27 02:08:18,836: set_from_theme_icon() 'Showing indicator icon variety-indicator from GTK theme'
INFO: 2022-08-27 02:08:18,836: log_options() 'change_enabled = False'
INFO: 2022-08-27 02:08:18,836: log_options() 'change_interval = 300'
INFO: 2022-08-27 02:08:18,836: log_options() 'change_on_start = False'
INFO: 2022-08-27 02:08:18,836: log_options() 'clipboard_enabled = False'
INFO: 2022-08-27 02:08:18,836: log_options() 'clipboard_hosts = ['wallhaven.cc', 'wallpapers.net', 'flickr.com', 'imgur.com', 'deviantart.com', 'interfacelift.com', 'vladstudio.com', 'imageshack.us', 'deviantart.net', 'imageshack.com']'
INFO: 2022-08-27 02:08:18,836: log_options() 'clipboard_use_whitelist = True'
INFO: 2022-08-27 02:08:18,836: log_options() 'clock_date_font = Serif 30'
INFO: 2022-08-27 02:08:18,836: log_options() 'clock_enabled = False'
INFO: 2022-08-27 02:08:18,836: log_options() 'clock_filter = -density 100 -font `fc-match -f '%{file[0]}' '%CLOCK_FONT_NAME'` -pointsize %CLOCK_FONT_SIZE -gravity SouthEast -fill '#00000044' -annotate 0x0+[%HOFFSET+58]+[%VOFFSET+108] '%H:%M' -fill white -annotate 0x0+[%HOFFSET+60]+[%VOFFSET+110] '%H:%M' -font `fc-match -f '%{file[0]}' '%DATE_FONT_NAME'` -pointsize %DATE_FONT_SIZE -fill '#00000044' -annotate 0x0+[%HOFFSET+58]+[%VOFFSET+58] '%A, %B %d' -fill white -annotate 0x0+[%HOFFSET+60]+[%VOFFSET+60] '%A, %B %d''
INFO: 2022-08-27 02:08:18,837: log_options() 'clock_font = Serif 70'
INFO: 2022-08-27 02:08:18,837: log_options() 'configfile = /home/edgar/.config/variety/variety.conf'
INFO: 2022-08-27 02:08:18,837: log_options() 'copyto_enabled = False'
INFO: 2022-08-27 02:08:18,837: log_options() 'copyto_folder = Default'
INFO: 2022-08-27 02:08:18,837: log_options() 'desired_color = [160, 160, 160]'
INFO: 2022-08-27 02:08:18,837: log_options() 'desired_color_enabled = False'
INFO: 2022-08-27 02:08:18,837: log_options() 'download_folder = /home/edgar/.config/variety/Downloaded'
INFO: 2022-08-27 02:08:18,837: log_options() 'download_preference_ratio = 0.9'
INFO: 2022-08-27 02:08:18,837: log_options() 'favorites_folder = /home/edgar/.config/variety/Favorites'
INFO: 2022-08-27 02:08:18,837: log_options() 'favorites_operations = [['Downloaded', 'Copy'], ['Fetched', 'Move'], ['Others', 'Copy']]'
INFO: 2022-08-27 02:08:18,837: log_options() 'fetched_folder = /home/edgar/.config/variety/Fetched'
INFO: 2022-08-27 02:08:18,837: log_options() 'filters = [[False, 'Keep original', ''], [False, 'Grayscale', '-type Grayscale'], [False, 'Heavy blur', '-scale 20% -blur 0x10 -resize 500%'], [False, 'Soft blur', '-scale 20% -blur 0x2 -resize 500%'], [False, 'Oil painting', '-paint 8'], [False, 'Pointilism', '-spread 10 -noise 3'], [False, 'Pixellate', '-scale 3% -scale 3333%']]'
INFO: 2022-08-27 02:08:18,837: log_options() 'get_wallpaper_script = /home/edgar/.config/variety/scripts/get_wallpaper_arco'
INFO: 2022-08-27 02:08:18,838: log_options() 'icon = Light'
INFO: 2022-08-27 02:08:18,838: log_options() 'internet_enabled = True'
INFO: 2022-08-27 02:08:18,838: log_options() 'lightness_enabled = False'
INFO: 2022-08-27 02:08:18,838: log_options() 'lightness_mode = 0'
INFO: 2022-08-27 02:08:18,838: log_options() 'min_rating = 4'
INFO: 2022-08-27 02:08:18,838: log_options() 'min_rating_enabled = False'
INFO: 2022-08-27 02:08:18,838: log_options() 'min_size = 80'
INFO: 2022-08-27 02:08:18,838: log_options() 'min_size_enabled = True'
INFO: 2022-08-27 02:08:18,838: log_options() 'quota_enabled = True'
INFO: 2022-08-27 02:08:18,838: log_options() 'quota_size = 1000'
INFO: 2022-08-27 02:08:18,838: log_options() 'quotes_authors = '
INFO: 2022-08-27 02:08:18,838: log_options() 'quotes_bg_color = [80, 80, 80]'
INFO: 2022-08-27 02:08:18,838: log_options() 'quotes_bg_opacity = 55'
INFO: 2022-08-27 02:08:18,838: log_options() 'quotes_change_enabled = False'
INFO: 2022-08-27 02:08:18,839: log_options() 'quotes_change_interval = 300'
INFO: 2022-08-27 02:08:18,839: log_options() 'quotes_disabled_sources = ['Urban Dictionary']'
INFO: 2022-08-27 02:08:18,839: log_options() 'quotes_enabled = False'
INFO: 2022-08-27 02:08:18,839: log_options() 'quotes_favorites_file = /home/edgar/.config/variety/favorite_quotes.txt'
INFO: 2022-08-27 02:08:18,839: log_options() 'quotes_font = Serif 30'
INFO: 2022-08-27 02:08:18,839: log_options() 'quotes_hpos = 100'
INFO: 2022-08-27 02:08:18,839: log_options() 'quotes_max_length = 250'
INFO: 2022-08-27 02:08:18,839: log_options() 'quotes_tags = '
INFO: 2022-08-27 02:08:18,839: log_options() 'quotes_text_color = [255, 255, 255]'
INFO: 2022-08-27 02:08:18,839: log_options() 'quotes_text_shadow = False'
INFO: 2022-08-27 02:08:18,839: log_options() 'quotes_vpos = 40'
INFO: 2022-08-27 02:08:18,839: log_options() 'quotes_width = 70'
INFO: 2022-08-27 02:08:18,839: log_options() 'safe_mode = False'
INFO: 2022-08-27 02:08:18,840: log_options() 'set_wallpaper_script = /home/edgar/.config/variety/scripts/set_wallpaper_arco'
INFO: 2022-08-27 02:08:18,840: log_options() 'slideshow_custom_enabled = False'
INFO: 2022-08-27 02:08:18,840: log_options() 'slideshow_custom_folder = /home/edgar/Pictures'
INFO: 2022-08-27 02:08:18,840: log_options() 'slideshow_downloads_enabled = False'
INFO: 2022-08-27 02:08:18,840: log_options() 'slideshow_fade = 0.4'
INFO: 2022-08-27 02:08:18,840: log_options() 'slideshow_favorites_enabled = True'
INFO: 2022-08-27 02:08:18,840: log_options() 'slideshow_mode = Fullscreen'
INFO: 2022-08-27 02:08:18,840: log_options() 'slideshow_monitor = All'
INFO: 2022-08-27 02:08:18,840: log_options() 'slideshow_pan = 0.05'
INFO: 2022-08-27 02:08:18,840: log_options() 'slideshow_seconds = 6.0'
INFO: 2022-08-27 02:08:18,840: log_options() 'slideshow_sort_order = Random'
INFO: 2022-08-27 02:08:18,840: log_options() 'slideshow_sources_enabled = True'
INFO: 2022-08-27 02:08:18,840: log_options() 'slideshow_zoom = 0.2'
INFO: 2022-08-27 02:08:18,840: log_options() 'smart_enabled = False'
INFO: 2022-08-27 02:08:18,841: log_options() 'smart_notice_shown = False'
INFO: 2022-08-27 02:08:18,841: log_options() 'smart_register_shown = False'
INFO: 2022-08-27 02:08:18,841: log_options() 'sources = [[True, 'favorites', 'The Favorites folder'], [False, 'fetched', 'The Fetched folder'], [True, 'folder', '/usr/share/backgrounds'], [False, 'flickr', 'user:www.flickr.com/photos/peter-levi/;user_id:93647178@N00;'], [False, 'apod', "NASA's Astronomy Picture of the Day"], [False, 'bing', 'Bing Photo of the Day'], [False, 'earthview', 'Google Earth View Wallpapers'], [False, 'natgeo', "National Geographic's photo of the day"], [False, 'unsplash', 'High-resolution photos from Unsplash.com']]'
INFO: 2022-08-27 02:08:18,841: log_options() 'stats_enabled = True'
INFO: 2022-08-27 02:08:18,841: log_options() 'stats_notice_shown = False'
INFO: 2022-08-27 02:08:18,841: log_options() 'sync_enabled = True'
INFO: 2022-08-27 02:08:18,841: log_options() 'use_landscape_enabled = True'
INFO: 2022-08-27 02:08:18,841: log_options() 'wallhaven_api_key = '
INFO: 2022-08-27 02:08:18,841: log_options() 'wallpaper_auto_rotate = True'
INFO: 2022-08-27 02:08:18,841: log_options() 'wallpaper_display_mode = os'
INFO: 2022-08-27 02:08:18,841: clear_prepared_queue() 'Clearing prepared queue'
INFO: 2022-08-27 02:08:18,842: update_indicator() 'Setting file info to: /usr/share/backgrounds/archlinux-login-backgrounds/att-01.jpg'
INFO: 2022-08-27 02:08:18,842: prepare_thread() 'Prepared buffer contains 0 images'
INFO: 2022-08-27 02:08:18,842: prepare_thread() 'Preparing some images'
INFO: 2022-08-27 02:08:18,846: regular_change_thread() 'regular_change: waiting till user resumes'
INFO: 2022-08-27 02:08:19,035: prepare_thread() 'After search prepared buffer contains 10 images'
INFO: 2022-08-27 02:08:19,035: prepare_thread() 'Prepared buffer contains 10 images'
INFO: 2022-08-27 02:08:19,035: prepare_thread() 'Preparing some images'
INFO: 2022-08-27 02:08:19,252: prepare_thread() 'After search prepared buffer contains 10 images'
INFO: 2022-08-27 02:08:19,698: do_set_wp() 'Calling do_set_wp with /usr/share/backgrounds/archlinux-login-backgrounds/att-01.jpg, time: 1661558899.6985233'
INFO: 2022-08-27 02:08:19,873: trigger_download() 'Triggering download thread to check if download needed and possible'
INFO: 2022-08-27 02:08:20,036: trigger_download() 'Triggering download thread to check if download needed and possible'
INFO: 2022-08-27 02:08:20,701: trigger_download() 'Triggering download thread to check if download needed and possible'
INFO: 2022-08-27 02:08:20,724: trigger_download() 'Triggering download thread to check if download needed and possible'
INFO: 2022-08-27 02:08:20,726: trigger_download() 'Triggering download thread to check if download needed and possible'
INFO: 2022-08-27 02:08:21,035: trigger_download() 'Triggering download thread to check if download needed and possible'
INFO: 2022-08-27 02:08:21,252: trigger_download() 'Triggering download thread to check if download needed and possible'
INFO: 2022-08-27 02:08:23,003: apply_auto_rotate() 'ImageMagick auto-rotate cmd: convert /usr/share/backgrounds/archlinux-login-backgrounds/att-01.jpg -auto-orient /home/edgar/.config/variety/wallpaper/wallpaper-auto-rotated-e8fa876ff20d8bb2c09306a6e95125d4.jpg'
INFO: 2022-08-27 02:08:23,860: update_indicator() 'Setting file info to: /usr/share/backgrounds/archlinux-login-backgrounds/att-01.jpg'
INFO: 2022-08-27 02:08:28,436: apply_auto_rotate() 'ImageMagick auto-rotate cmd: convert /usr/share/backgrounds/archlinux-login-backgrounds/att-01.jpg -auto-orient /home/edgar/.config/variety/wallpaper/wallpaper-auto-rotated-90332baf74a7f610f6695f4f514fa3b8.jpg'
INFO: 2022-08-27 02:08:29,239: update_indicator() 'Setting file info to: /usr/share/backgrounds/archlinux-login-backgrounds/att-01.jpg'
